[0m20:23:39.624336 [debug] [MainThread]: Sending event: {'category': 'dbt', 'action': 'invocation', 'label': 'start', 'context': [<snowplow_tracker.self_describing_json.SelfDescribingJson object at 0x000002C557720CE0>, <snowplow_tracker.self_describing_json.SelfDescribingJson object at 0x000002C55A0E8B00>, <snowplow_tracker.self_describing_json.SelfDescribingJson object at 0x000002C557D8EBA0>]}


============================== 20:23:39.628342 | 53e4189c-11d0-4c33-b252-20068c329487 ==============================
[0m20:23:39.628342 [info ] [MainThread]: Running with dbt=1.11.6
[0m20:23:39.628342 [debug] [MainThread]: running dbt with arguments {'version_check': 'True', 'no_print': 'None', 'static_parser': 'True', 'warn_error_options': 'WarnErrorOptionsV2(error=[], warn=[], silence=[])', 'target_path': 'None', 'printer_width': '80', 'write_json': 'True', 'empty': 'None', 'log_cache_events': 'False', 'introspect': 'True', 'cache_selected_only': 'False', 'fail_fast': 'False', 'debug': 'False', 'log_format': 'default', 'profiles_dir': 'C:\\Users\\Jonathan Lim\\.dbt', 'send_anonymous_usage_stats': 'True', 'quiet': 'False', 'warn_error': 'None', 'partial_parse': 'True', 'indirect_selection': 'eager', 'invocation_command': 'dbt init f1stop_dbt', 'use_colors': 'True', 'use_experimental_parser': 'False', 'log_path': 'logs'}
[0m20:23:39.650948 [info ] [MainThread]: A project called f1stop_dbt already exists here.
[0m20:23:39.652636 [debug] [MainThread]: Command `dbt init` succeeded at 20:23:39.652636 after 0.15 seconds
[0m20:23:39.653091 [debug] [MainThread]: Sending event: {'category': 'dbt', 'action': 'invocation', 'label': 'end', 'context': [<snowplow_tracker.self_describing_json.SelfDescribingJson object at 0x000002C55AB8D5B0>, <snowplow_tracker.self_describing_json.SelfDescribingJson object at 0x000002C55953B470>, <snowplow_tracker.self_describing_json.SelfDescribingJson object at 0x000002C55BD72A50>]}
[0m20:23:39.653553 [debug] [MainThread]: Flushing usage events
[0m20:23:40.158572 [debug] [MainThread]: An error was encountered while trying to flush usage events
[0m20:24:25.980564 [debug] [MainThread]: Sending event: {'category': 'dbt', 'action': 'invocation', 'label': 'start', 'context': [<snowplow_tracker.self_describing_json.SelfDescribingJson object at 0x000002B833C60C50>, <snowplow_tracker.self_describing_json.SelfDescribingJson object at 0x000002B835F32BA0>, <snowplow_tracker.self_describing_json.SelfDescribingJson object at 0x000002B8368F5700>]}


============================== 20:24:25.985308 | 1982d2c5-c012-4fee-8cb0-ecb4fab95f40 ==============================
[0m20:24:25.985308 [info ] [MainThread]: Running with dbt=1.11.6
[0m20:24:25.986335 [debug] [MainThread]: running dbt with arguments {'version_check': 'True', 'no_print': 'None', 'static_parser': 'True', 'target_path': 'None', 'warn_error_options': 'WarnErrorOptionsV2(error=[], warn=[], silence=[])', 'printer_width': '80', 'write_json': 'True', 'introspect': 'True', 'log_cache_events': 'False', 'empty': 'None', 'cache_selected_only': 'False', 'fail_fast': 'False', 'debug': 'False', 'log_format': 'default', 'profiles_dir': 'C:\\Users\\Jonathan Lim\\.dbt', 'send_anonymous_usage_stats': 'True', 'quiet': 'False', 'warn_error': 'None', 'partial_parse': 'True', 'use_colors': 'True', 'invocation_command': 'dbt init f1stop_dbt', 'indirect_selection': 'eager', 'use_experimental_parser': 'False', 'log_path': 'logs'}
[0m20:24:26.005352 [debug] [MainThread]: Starter project path: J:\Jonathan Lim\YonnyIndex\FormulaOneStop\venv\Lib\site-packages\dbt\include\starter_project
[0m20:24:26.020705 [info ] [MainThread]: 
Your new dbt project "f1stop_dbt" was created!

For more information on how to configure the profiles.yml file,
please consult the dbt documentation here:

  https://docs.getdbt.com/docs/configure-your-profile

One more thing:

Need help? Don't hesitate to reach out to us via GitHub issues or on Slack:

  https://community.getdbt.com/

Happy modeling!

[0m20:24:26.021299 [info ] [MainThread]: Setting up your profile.
[0m20:24:56.471878 [debug] [MainThread]: Spark adapter: Setting pyhive.hive logging to ERROR
[0m20:24:56.471878 [debug] [MainThread]: Spark adapter: Setting thrift.transport logging to ERROR
[0m20:24:56.471878 [debug] [MainThread]: Spark adapter: Setting thrift.protocol logging to ERROR
[0m20:29:44.632917 [info ] [MainThread]: Profile f1stop_dbt written to C:\Users\Jonathan Lim\.dbt\profiles.yml using target's profile_template.yml and your supplied values. Run 'dbt debug' to validate the connection.
[0m20:29:44.634920 [debug] [MainThread]: Command `dbt init` succeeded at 20:29:44.634920 after 318.77 seconds
[0m20:29:44.634920 [debug] [MainThread]: Sending event: {'category': 'dbt', 'action': 'invocation', 'label': 'end', 'context': [<snowplow_tracker.self_describing_json.SelfDescribingJson object at 0x000002B836DD2C60>, <snowplow_tracker.self_describing_json.SelfDescribingJson object at 0x000002B853EDFF20>, <snowplow_tracker.self_describing_json.SelfDescribingJson object at 0x000002B85395F830>]}
[0m20:29:44.634920 [debug] [MainThread]: Flushing usage events
[0m20:29:45.028121 [debug] [MainThread]: An error was encountered while trying to flush usage events
[0m20:29:53.601733 [debug] [MainThread]: Sending event: {'category': 'dbt', 'action': 'invocation', 'label': 'start', 'context': [<snowplow_tracker.self_describing_json.SelfDescribingJson object at 0x00000170F4ED5640>, <snowplow_tracker.self_describing_json.SelfDescribingJson object at 0x00000170F5F9D820>, <snowplow_tracker.self_describing_json.SelfDescribingJson object at 0x00000170F8516090>]}


============================== 20:29:53.604702 | afe223eb-a1cb-4a12-b9ce-105515e1e9b5 ==============================
[0m20:29:53.604702 [info ] [MainThread]: Running with dbt=1.11.6
[0m20:29:53.606705 [debug] [MainThread]: running dbt with arguments {'version_check': 'True', 'no_print': 'None', 'static_parser': 'True', 'warn_error_options': 'WarnErrorOptionsV2(error=[], warn=[], silence=[])', 'target_path': 'None', 'printer_width': '80', 'write_json': 'True', 'introspect': 'True', 'log_cache_events': 'False', 'empty': 'None', 'cache_selected_only': 'False', 'log_format': 'default', 'debug': 'False', 'fail_fast': 'False', 'profiles_dir': 'C:\\Users\\Jonathan Lim\\.dbt', 'send_anonymous_usage_stats': 'True', 'quiet': 'False', 'warn_error': 'None', 'partial_parse': 'True', 'use_colors': 'True', 'invocation_command': 'dbt debug', 'indirect_selection': 'eager', 'use_experimental_parser': 'False', 'log_path': 'logs'}
[0m20:29:53.624711 [info ] [MainThread]: dbt version: 1.11.6
[0m20:29:53.624711 [info ] [MainThread]: python version: 3.12.10
[0m20:29:53.625712 [info ] [MainThread]: python path: J:\Jonathan Lim\YonnyIndex\FormulaOneStop\venv\Scripts\python.exe
[0m20:29:53.625712 [info ] [MainThread]: os info: Windows-11-10.0.26200-SP0
[0m20:29:54.546386 [debug] [MainThread]: Spark adapter: Setting pyhive.hive logging to ERROR
[0m20:29:54.546386 [debug] [MainThread]: Spark adapter: Setting thrift.transport logging to ERROR
[0m20:29:54.546386 [debug] [MainThread]: Spark adapter: Setting thrift.protocol logging to ERROR
[0m20:29:55.280785 [info ] [MainThread]: Error importing adapter: No module named 'dbt.adapters.postgres'
[0m20:29:55.282788 [info ] [MainThread]: Using profiles dir at C:\Users\Jonathan Lim\.dbt
[0m20:29:55.282788 [info ] [MainThread]: Using profiles.yml file at C:\Users\Jonathan Lim\.dbt\profiles.yml
[0m20:29:55.282788 [info ] [MainThread]: Using dbt_project.yml file at J:\Jonathan Lim\YonnyIndex\FormulaOneStop\dbt_project.yml
[0m20:29:55.282788 [info ] [MainThread]: Configuration:
[0m20:29:55.282788 [info ] [MainThread]:   profiles.yml file [[31mERROR invalid[0m]
[0m20:29:55.282788 [info ] [MainThread]:   dbt_project.yml file [[31mERROR not found[0m]
[0m20:29:55.282788 [info ] [MainThread]: Required dependencies:
[0m20:29:55.284792 [debug] [MainThread]: Executing "git --help"
[0m20:29:55.320865 [debug] [MainThread]: STDOUT: "b"usage: git [-v | --version] [-h | --help] [-C <path>] [-c <name>=<value>]\n           [--exec-path[=<path>]] [--html-path] [--man-path] [--info-path]\n           [-p | --paginate | -P | --no-pager] [--no-replace-objects] [--no-lazy-fetch]\n           [--no-optional-locks] [--no-advice] [--bare] [--git-dir=<path>]\n           [--work-tree=<path>] [--namespace=<name>] [--config-env=<name>=<envvar>]\n           <command> [<args>]\n\nThese are common Git commands used in various situations:\n\nstart a working area (see also: git help tutorial)\n   clone      Clone a repository into a new directory\n   init       Create an empty Git repository or reinitialize an existing one\n\nwork on the current change (see also: git help everyday)\n   add        Add file contents to the index\n   mv         Move or rename a file, a directory, or a symlink\n   restore    Restore working tree files\n   rm         Remove files from the working tree and from the index\n\nexamine the history and state (see also: git help revisions)\n   bisect     Use binary search to find the commit that introduced a bug\n   diff       Show changes between commits, commit and working tree, etc\n   grep       Print lines matching a pattern\n   log        Show commit logs\n   show       Show various types of objects\n   status     Show the working tree status\n\ngrow, mark and tweak your common history\n   backfill   Download missing objects in a partial clone\n   branch     List, create, or delete branches\n   commit     Record changes to the repository\n   merge      Join two or more development histories together\n   rebase     Reapply commits on top of another base tip\n   reset      Set `HEAD` or the index to a known state\n   switch     Switch branches\n   tag        Create, list, delete or verify tags\n\ncollaborate (see also: git help workflows)\n   fetch      Download objects and refs from another repository\n   pull       Fetch from and integrate with another repository or a local branch\n   push       Update remote refs along with associated objects\n\n'git help -a' and 'git help -g' list available subcommands and some\nconcept guides. See 'git help <command>' or 'git help <concept>'\nto read about a specific subcommand or concept.\nSee 'git help git' for an overview of the system.\n""
[0m20:29:55.320865 [debug] [MainThread]: STDERR: "b''"
[0m20:29:55.321866 [info ] [MainThread]:  - git [[32mOK found[0m]

[0m20:29:55.321866 [info ] [MainThread]: Connection test skipped since no profile was found
[0m20:29:55.322868 [info ] [MainThread]: [31m2 checks failed:[0m
[0m20:29:55.322868 [info ] [MainThread]: Could not load dbt_project.yml
Profile loading failed for the following reason:
Runtime Error
  Credentials in profile "queens_eats", target "dev" invalid: Runtime Error
    Could not find adapter type postgres!


[0m20:29:55.323868 [info ] [MainThread]: Project loading failed for the following reason:
 project path <J:\Jonathan Lim\YonnyIndex\FormulaOneStop\dbt_project.yml> not found

[0m20:29:55.324869 [debug] [MainThread]: Command `dbt debug` failed at 20:29:55.324869 after 1.84 seconds
[0m20:29:55.324869 [debug] [MainThread]: Sending event: {'category': 'dbt', 'action': 'invocation', 'label': 'end', 'context': [<snowplow_tracker.self_describing_json.SelfDescribingJson object at 0x00000170F8969910>, <snowplow_tracker.self_describing_json.SelfDescribingJson object at 0x00000170961D0E00>, <snowplow_tracker.self_describing_json.SelfDescribingJson object at 0x00000170F8CAF4A0>]}
[0m20:29:55.325870 [debug] [MainThread]: Flushing usage events
[0m20:29:55.716781 [debug] [MainThread]: An error was encountered while trying to flush usage events
